-------------------------------------------------------------------------------
Test set: com.hello.CalculatorTest
-------------------------------------------------------------------------------
Tests run: 4, Failures: 1, Errors: 0, Skipped: 0, Time elapsed: 0.01 s <<< FAILURE! - in com.hello.CalculatorTest
testMinus(com.hello.CalculatorTest)  Time elapsed: 0 s  <<< FAILURE!
java.lang.AssertionError: expected:<0> but was:<4>
	at com.hello.CalculatorTest.testMinus(CalculatorTest.java:22)

