<?xml version="1.0" encoding="UTF-8"?>
<testsuite xmlns:xsi="http://www.w3.org/2001/XMLSchema-instance" xsi:noNamespaceSchemaLocation="https://maven.apache.org/surefire/maven-surefire-plugin/xsd/surefire-test-report.xsd" name="com.hello.CalculatorTest" time="0.017" tests="4" errors="0" skipped="0" failures="1">
  <properties>
[...]
</properties>
  <testcase name="testSum" classname="com.hello.CalculatorTest" time="0"/>
  <testcase name="testMinus" classname="com.hello.CalculatorTest" time="0">
    <failure message="expected:&lt;0&gt; but was:&lt;4&gt;" type="java.lang.AssertionError"><![CDATA[java.lang.AssertionError: expected:<0> but was:<4>
	at com.hello.CalculatorTest.testMinus(CalculatorTest.java:22)
]]></failure>
  </testcase>
  <testcase name="testDivide" classname="com.hello.CalculatorTest" time="0"/>
  <testcase name="testDivideWillThrowExceptionWhenDivideOnZero" classname="com.hello.CalculatorTest" time="0"/>
</testsuite>